# JRE version: OpenJDK Runtime Environment (21.0.8) (build 21.0.8+-14196175-b1038.72)
# Java VM: OpenJDK 64-Bit Server VM (21.0.8+-14196175-b1038.72, mixed mode, tiered, compressed oops, compressed class ptrs, g1 gc, windows-amd64)
GC Precious Log:
 CardTable entry size: 512
 Card Set container configuration: InlinePtr #cards 5 size 8 Array Of Cards #cards 12 size 40 Howl #buckets 4 coarsen threshold 1843 Howl Bitmap #cards 512 size 80 coarsen threshold 460 Card regions per heap region 1 cards per card region 2048
 CPUs: 12 total, 12 available
 Memory: 23873M
 Large Page Support: Disabled
 NUMA Support: Disabled
 Compressed Oops: Enabled (32-bit)
 Heap Region Size: 1M
 Heap Min Capacity: 8M
 Heap Initial Capacity: 374M
 Heap Max Capacity: 2G
 Pre-touch: Disabled
 Parallel Workers: 10
 Concurrent Workers: 3
 Concurrent Refinement Workers: 10
 Periodic GC: Disabled
Heap:
 garbage-first heap   total 68608K, used 55020K [0x0000000080000000, 0x0000000100000000)
  region size 1024K, 20 young (20480K), 2 survivors (2048K)
 Metaspace       used 47887K, committed 48896K, reserved 1114112K
  class space    used 6504K, committed 6976K, reserved 1048576K
GC Heap History (20 events):
Event: 0.983 GC heap before
{Heap before GC invocations=0 (full 0):
 garbage-first heap   total 382976K, used 22528K [0x0000000080000000, 0x0000000100000000)
  region size 1024K, 23 young (23552K), 0 survivors (0K)
 Metaspace       used 8106K, committed 8256K, reserved 1114112K
  class space    used 749K, committed 832K, reserved 1048576K
}
Event: 0.988 GC heap after
{Heap after GC invocations=1 (full 0):
 garbage-first heap   total 382976K, used 2328K [0x0000000080000000, 0x0000000100000000)
  region size 1024K, 3 young (3072K), 3 survivors (3072K)
 Metaspace       used 8106K, committed 8256K, reserved 1114112K
  class space    used 749K, committed 832K, reserved 1048576K
}
Event: 2.035 GC heap before
{Heap before GC invocations=1 (full 0):
 garbage-first heap   total 382976K, used 41240K [0x0000000080000000, 0x0000000100000000)
  region size 1024K, 39 young (39936K), 3 survivors (3072K)
 Metaspace       used 12352K, committed 12544K, reserved 1114112K
  class space    used 1349K, committed 1408K, reserved 1048576K
}
Event: 2.057 GC heap after
{Heap after GC invocations=2 (full 0):
 garbage-first heap   total 382976K, used 10964K [0x0000000080000000, 0x0000000100000000)
  region size 1024K, 5 young (5120K), 5 survivors (5120K)
 Metaspace       used 12352K, committed 12544K, reserved 1114112K
  class space    used 1349K, committed 1408K, reserved 1048576K
}
Event: 3.133 GC heap before
{Heap before GC invocations=2 (full 0):
 garbage-first heap   total 382976K, used 59092K [0x0000000080000000, 0x0000000100000000)
  region size 1024K, 50 young (51200K), 5 survivors (5120K)
 Metaspace       used 14294K, committed 14528K, reserved 1114112K
  class space    used 1635K, committed 1728K, reserved 1048576K
}
Event: 3.151 GC heap after
{Heap after GC invocations=3 (full 0):
 garbage-first heap   total 382976K, used 17092K [0x0000000080000000, 0x0000000100000000)
  region size 1024K, 6 young (6144K), 6 survivors (6144K)
 Metaspace       used 14294K, committed 14528K, reserved 1114112K
  class space    used 1635K, committed 1728K, reserved 1048576K
}
Event: 4.379 GC heap before
{Heap before GC invocations=3 (full 0):
 garbage-first heap   total 382976K, used 41668K [0x0000000080000000, 0x0000000100000000)
  region size 1024K, 31 young (31744K), 6 survivors (6144K)
 Metaspace       used 21229K, committed 21504K, reserved 1114112K
  class space    used 2539K, committed 2688K, reserved 1048576K
}
Event: 4.384 GC heap after
{Heap after GC invocations=4 (full 0):
 garbage-first heap   total 382976K, used 20082K [0x0000000080000000, 0x0000000100000000)
  region size 1024K, 8 young (8192K), 8 survivors (8192K)
 Metaspace       used 21229K, committed 21504K, reserved 1114112K
  class space    used 2539K, committed 2688K, reserved 1048576K
}
Event: 5.460 GC heap before
{Heap before GC invocations=5 (full 0):
 garbage-first heap   total 68608K, used 51826K [0x0000000080000000, 0x0000000100000000)
  region size 1024K, 40 young (40960K), 8 survivors (8192K)
 Metaspace       used 27049K, committed 27520K, reserved 1114112K
  class space    used 3442K, committed 3648K, reserved 1048576K
}
Event: 5.469 GC heap after
{Heap after GC invocations=6 (full 0):
 garbage-first heap   total 68608K, used 22012K [0x0000000080000000, 0x0000000100000000)
  region size 1024K, 2 young (2048K), 2 survivors (2048K)
 Metaspace       used 27049K, committed 27520K, reserved 1114112K
  class space    used 3442K, committed 3648K, reserved 1048576K
}
Event: 6.947 GC heap before
{Heap before GC invocations=6 (full 0):
 garbage-first heap   total 68608K, used 54780K [0x0000000080000000, 0x0000000100000000)
  region size 1024K, 34 young (34816K), 2 survivors (2048K)
 Metaspace       used 31420K, committed 32000K, reserved 1114112K
  class space    used 4232K, committed 4480K, reserved 1048576K
}
Event: 6.954 GC heap after
{Heap after GC invocations=7 (full 0):
 garbage-first heap   total 68608K, used 24703K [0x0000000080000000, 0x0000000100000000)
  region size 1024K, 5 young (5120K), 5 survivors (5120K)
 Metaspace       used 31420K, committed 32000K, reserved 1114112K
  class space    used 4232K, committed 4480K, reserved 1048576K
}
Event: 7.775 GC heap before
{Heap before GC invocations=7 (full 0):
 garbage-first heap   total 68608K, used 49279K [0x0000000080000000, 0x0000000100000000)
  region size 1024K, 31 young (31744K), 5 survivors (5120K)
 Metaspace       used 35220K, committed 35968K, reserved 1114112K
  class space    used 4880K, committed 5248K, reserved 1048576K
}
Event: 7.782 GC heap after
{Heap after GC invocations=8 (full 0):
 garbage-first heap   total 68608K, used 26485K [0x0000000080000000, 0x0000000100000000)
  region size 1024K, 5 young (5120K), 5 survivors (5120K)
 Metaspace       used 35220K, committed 35968K, reserved 1114112K
  class space    used 4880K, committed 5248K, reserved 1048576K
}
Event: 8.920 GC heap before
{Heap before GC invocations=9 (full 0):
 garbage-first heap   total 68608K, used 57205K [0x0000000080000000, 0x0000000100000000)
  region size 1024K, 36 young (36864K), 5 survivors (5120K)
 Metaspace       used 41745K, committed 42688K, reserved 1114112K
  class space    used 5768K, committed 6208K, reserved 1048576K
}
Event: 8.927 GC heap after
{Heap after GC invocations=10 (full 0):
 garbage-first heap   total 68608K, used 29451K [0x0000000080000000, 0x0000000100000000)
  region size 1024K, 5 young (5120K), 5 survivors (5120K)
 Metaspace       used 41745K, committed 42688K, reserved 1114112K
  class space    used 5768K, committed 6208K, reserved 1048576K
}
Event: 9.408 GC heap before
{Heap before GC invocations=10 (full 0):
 garbage-first heap   total 68608K, used 58123K [0x0000000080000000, 0x0000000100000000)
  region size 1024K, 33 young (33792K), 5 survivors (5120K)
 Metaspace       used 44013K, committed 44864K, reserved 1114112K
  class space    used 6014K, committed 6400K, reserved 1048576K
}
Event: 9.416 GC heap after
{Heap after GC invocations=11 (full 0):
 garbage-first heap   total 68608K, used 32372K [0x0000000080000000, 0x0000000100000000)
  region size 1024K, 4 young (4096K), 4 survivors (4096K)
 Metaspace       used 44013K, committed 44864K, reserved 1114112K
  class space    used 6014K, committed 6400K, reserved 1048576K
}
Event: 9.703 GC heap before
{Heap before GC invocations=11 (full 0):
 garbage-first heap   total 68608K, used 44660K [0x0000000080000000, 0x0000000100000000)
  region size 1024K, 17 young (17408K), 4 survivors (4096K)
 Metaspace       used 45075K, committed 46016K, reserved 1114112K
  class space    used 6169K, committed 6592K, reserved 1048576K
}
Event: 9.708 GC heap after
{Heap after GC invocations=12 (full 0):
 garbage-first heap   total 68608K, used 33516K [0x0000000080000000, 0x0000000100000000)
  region size 1024K, 2 young (2048K), 2 survivors (2048K)
 Metaspace       used 45075K, committed 46016K, reserved 1114112K
  class space    used 6169K, committed 6592K, reserved 1048576K
}

