# JRE version: OpenJDK Runtime Environment (21.0.8) (build 21.0.8+-14196175-b1038.72)
# Java VM: OpenJDK 64-Bit Server VM (21.0.8+-14196175-b1038.72, mixed mode, tiered, compressed oops, compressed class ptrs, g1 gc, windows-amd64)
GC Precious Log:
 CardTable entry size: 512
 Card Set container configuration: InlinePtr #cards 5 size 8 Array Of Cards #cards 12 size 40 Howl #buckets 4 coarsen threshold 1843 Howl Bitmap #cards 512 size 80 coarsen threshold 460 Card regions per heap region 1 cards per card region 2048
 CPUs: 12 total, 12 available
 Memory: 23873M
 Large Page Support: Disabled
 NUMA Support: Disabled
 Compressed Oops: Enabled (32-bit)
 Heap Region Size: 1M
 Heap Min Capacity: 8M
 Heap Initial Capacity: 374M
 Heap Max Capacity: 2G
 Pre-touch: Disabled
 Parallel Workers: 10
 Concurrent Workers: 3
 Concurrent Refinement Workers: 10
 Periodic GC: Disabled
Heap:
 garbage-first heap   total 276480K, used 241313K [0x0000000080000000, 0x0000000100000000)
  region size 1024K, 77 young (78848K), 4 survivors (4096K)
 Metaspace       used 150483K, committed 152960K, reserved 1179648K
  class space    used 21379K, committed 22592K, reserved 1048576K
GC Heap History (20 events):
Event: 18.416 GC heap before
{Heap before GC invocations=28 (full 0):
 garbage-first heap   total 228352K, used 205821K [0x0000000080000000, 0x0000000100000000)
  region size 1024K, 85 young (87040K), 8 survivors (8192K)
 Metaspace       used 118940K, committed 121216K, reserved 1179648K
  class space    used 16852K, committed 17984K, reserved 1048576K
}
Event: 18.424 GC heap after
{Heap after GC invocations=29 (full 0):
 garbage-first heap   total 228352K, used 132031K [0x0000000080000000, 0x0000000100000000)
  region size 1024K, 7 young (7168K), 7 survivors (7168K)
 Metaspace       used 118940K, committed 121216K, reserved 1179648K
  class space    used 16852K, committed 17984K, reserved 1048576K
}
Event: 948.116 GC heap before
{Heap before GC invocations=29 (full 0):
 garbage-first heap   total 228352K, used 206783K [0x0000000080000000, 0x0000000100000000)
  region size 1024K, 81 young (82944K), 7 survivors (7168K)
 Metaspace       used 120112K, committed 122432K, reserved 1179648K
  class space    used 17033K, committed 18176K, reserved 1048576K
}
Event: 948.131 GC heap after
{Heap after GC invocations=30 (full 0):
 garbage-first heap   total 228352K, used 133373K [0x0000000080000000, 0x0000000100000000)
  region size 1024K, 8 young (8192K), 8 survivors (8192K)
 Metaspace       used 120112K, committed 122432K, reserved 1179648K
  class space    used 17033K, committed 18176K, reserved 1048576K
}
Event: 1262.943 GC heap before
{Heap before GC invocations=31 (full 0):
 garbage-first heap   total 228352K, used 207101K [0x0000000080000000, 0x0000000100000000)
  region size 1024K, 80 young (81920K), 8 survivors (8192K)
 Metaspace       used 120525K, committed 122880K, reserved 1179648K
  class space    used 17043K, committed 18176K, reserved 1048576K
}
Event: 1262.955 GC heap after
{Heap after GC invocations=32 (full 0):
 garbage-first heap   total 228352K, used 139695K [0x0000000080000000, 0x0000000100000000)
  region size 1024K, 10 young (10240K), 10 survivors (10240K)
 Metaspace       used 120525K, committed 122880K, reserved 1179648K
  class space    used 17043K, committed 18176K, reserved 1048576K
}
Event: 1264.451 GC heap before
{Heap before GC invocations=32 (full 0):
 garbage-first heap   total 228352K, used 209327K [0x0000000080000000, 0x0000000100000000)
  region size 1024K, 74 young (75776K), 10 survivors (10240K)
 Metaspace       used 123998K, committed 126272K, reserved 1179648K
  class space    used 17358K, committed 18496K, reserved 1048576K
}
Event: 1264.465 GC heap after
{Heap after GC invocations=33 (full 0):
 garbage-first heap   total 231424K, used 145585K [0x0000000080000000, 0x0000000100000000)
  region size 1024K, 9 young (9216K), 9 survivors (9216K)
 Metaspace       used 123998K, committed 126272K, reserved 1179648K
  class space    used 17358K, committed 18496K, reserved 1048576K
}
Event: 1266.820 GC heap before
{Heap before GC invocations=33 (full 0):
 garbage-first heap   total 231424K, used 208049K [0x0000000080000000, 0x0000000100000000)
  region size 1024K, 71 young (72704K), 9 survivors (9216K)
 Metaspace       used 128388K, committed 130752K, reserved 1179648K
  class space    used 17910K, committed 19072K, reserved 1048576K
}
Event: 1266.833 GC heap after
{Heap after GC invocations=34 (full 0):
 garbage-first heap   total 231424K, used 151911K [0x0000000080000000, 0x0000000100000000)
  region size 1024K, 6 young (6144K), 6 survivors (6144K)
 Metaspace       used 128388K, committed 130752K, reserved 1179648K
  class space    used 17910K, committed 19072K, reserved 1048576K
}
Event: 1332.679 GC heap before
{Heap before GC invocations=35 (full 0):
 garbage-first heap   total 254976K, used 210279K [0x0000000080000000, 0x0000000100000000)
  region size 1024K, 64 young (65536K), 6 survivors (6144K)
 Metaspace       used 130287K, committed 132672K, reserved 1179648K
  class space    used 18208K, committed 19392K, reserved 1048576K
}
Event: 1332.689 GC heap after
{Heap after GC invocations=36 (full 0):
 garbage-first heap   total 254976K, used 155407K [0x0000000080000000, 0x0000000100000000)
  region size 1024K, 4 young (4096K), 4 survivors (4096K)
 Metaspace       used 130287K, committed 132672K, reserved 1179648K
  class space    used 18208K, committed 19392K, reserved 1048576K
}
Event: 1333.798 GC heap before
{Heap before GC invocations=36 (full 0):
 garbage-first heap   total 254976K, used 233231K [0x0000000080000000, 0x0000000100000000)
  region size 1024K, 81 young (82944K), 4 survivors (4096K)
 Metaspace       used 130665K, committed 133120K, reserved 1179648K
  class space    used 18212K, committed 19392K, reserved 1048576K
}
Event: 1333.817 GC heap after
{Heap after GC invocations=37 (full 0):
 garbage-first heap   total 254976K, used 157566K [0x0000000080000000, 0x0000000100000000)
  region size 1024K, 11 young (11264K), 11 survivors (11264K)
 Metaspace       used 130665K, committed 133120K, reserved 1179648K
  class space    used 18212K, committed 19392K, reserved 1048576K
}
Event: 1336.107 GC heap before
{Heap before GC invocations=37 (full 0):
 garbage-first heap   total 254976K, used 229246K [0x0000000080000000, 0x0000000100000000)
  region size 1024K, 82 young (83968K), 11 survivors (11264K)
 Metaspace       used 134897K, committed 137280K, reserved 1179648K
  class space    used 18811K, committed 19968K, reserved 1048576K
}
Event: 1336.121 GC heap after
{Heap after GC invocations=38 (full 0):
 garbage-first heap   total 254976K, used 165370K [0x0000000080000000, 0x0000000100000000)
  region size 1024K, 7 young (7168K), 7 survivors (7168K)
 Metaspace       used 134897K, committed 137280K, reserved 1179648K
  class space    used 18811K, committed 19968K, reserved 1048576K
}
Event: 1337.154 GC heap before
{Heap before GC invocations=39 (full 0):
 garbage-first heap   total 276480K, used 231930K [0x0000000080000000, 0x0000000100000000)
  region size 1024K, 73 young (74752K), 7 survivors (7168K)
 Metaspace       used 138969K, committed 141376K, reserved 1179648K
  class space    used 19492K, committed 20672K, reserved 1048576K
}
Event: 1337.166 GC heap after
{Heap after GC invocations=40 (full 0):
 garbage-first heap   total 276480K, used 173449K [0x0000000080000000, 0x0000000100000000)
  region size 1024K, 9 young (9216K), 9 survivors (9216K)
 Metaspace       used 138969K, committed 141376K, reserved 1179648K
  class space    used 19492K, committed 20672K, reserved 1048576K
}
Event: 1338.310 GC heap before
{Heap before GC invocations=40 (full 0):
 garbage-first heap   total 276480K, used 251273K [0x0000000080000000, 0x0000000100000000)
  region size 1024K, 86 young (88064K), 9 survivors (9216K)
 Metaspace       used 146585K, committed 148992K, reserved 1179648K
  class space    used 20784K, committed 21952K, reserved 1048576K
}
Event: 1338.323 GC heap after
{Heap after GC invocations=41 (full 0):
 garbage-first heap   total 276480K, used 168609K [0x0000000080000000, 0x0000000100000000)
  region size 1024K, 4 young (4096K), 4 survivors (4096K)
 Metaspace       used 146585K, committed 148992K, reserved 1179648K
  class space    used 20784K, committed 21952K, reserved 1048576K
}

